c:\users\valde\desktop\livedbr - re\compilado\.vs\build\map-server\win32\debug\vc141.pdb
c:\users\valde\desktop\livedbr - re\compilado\.vs\build\map-server\win32\debug\vc141.idb
c:\users\valde\desktop\livedbr - re\compilado\.vs\build\map-server\win32\debug\log.obj
c:\users\valde\desktop\livedbr - re\compilado\.vs\build\map-server\win32\debug\itemdb.obj
c:\users\valde\desktop\livedbr - re\compilado\.vs\build\map-server\win32\debug\intif.obj
c:\users\valde\desktop\livedbr - re\compilado\.vs\build\map-server\win32\debug\instance.obj
c:\users\valde\desktop\livedbr - re\compilado\.vs\build\map-server\win32\debug\homunculus.obj
c:\users\valde\desktop\livedbr - re\compilado\.vs\build\map-server\win32\debug\guild.obj
c:\users\valde\desktop\livedbr - re\compilado\.vs\build\map-server\win32\debug\elemental.obj
c:\users\valde\desktop\livedbr - re\compilado\.vs\build\map-server\win32\debug\duel.obj
c:\users\valde\desktop\livedbr - re\compilado\.vs\build\map-server\win32\debug\date.obj
c:\users\valde\desktop\livedbr - re\compilado\.vs\build\map-server\win32\debug\clif.obj
c:\users\valde\desktop\livedbr - re\compilado\.vs\build\map-server\win32\debug\clan.obj
c:\users\valde\desktop\livedbr - re\compilado\.vs\build\map-server\win32\debug\chrif.obj
c:\users\valde\desktop\livedbr - re\compilado\.vs\build\map-server\win32\debug\chat.obj
c:\users\valde\desktop\livedbr - re\compilado\.vs\build\map-server\win32\debug\channel.obj
c:\users\valde\desktop\livedbr - re\compilado\.vs\build\map-server\win32\debug\cashshop.obj
c:\users\valde\desktop\livedbr - re\compilado\.vs\build\map-server\win32\debug\buyingstore.obj
c:\users\valde\desktop\livedbr - re\compilado\.vs\build\map-server\win32\debug\battleground.obj
c:\users\valde\desktop\livedbr - re\compilado\.vs\build\map-server\win32\debug\battle.obj
c:\users\valde\desktop\livedbr - re\compilado\.vs\build\map-server\win32\debug\atcommand.obj
c:\users\valde\desktop\livedbr - re\compilado\.vs\build\map-server\win32\debug\achievement.obj
c:\users\valde\desktop\livedbr - re\compilado\.vs\build\map-server\win32\debug\unit.obj
c:\users\valde\desktop\livedbr - re\compilado\.vs\build\map-server\win32\debug\trade.obj
c:\users\valde\desktop\livedbr - re\compilado\.vs\build\map-server\win32\debug\storage.obj
c:\users\valde\desktop\livedbr - re\compilado\.vs\build\map-server\win32\debug\status.obj
c:\users\valde\desktop\livedbr - re\compilado\.vs\build\map-server\win32\debug\skill.obj
c:\users\valde\desktop\livedbr - re\compilado\.vs\build\map-server\win32\debug\searchstore.obj
c:\users\valde\desktop\livedbr - re\compilado\.vs\build\map-server\win32\debug\script.obj
c:\users\valde\desktop\livedbr - re\compilado\.vs\build\map-server\win32\debug\quest.obj
c:\users\valde\desktop\livedbr - re\compilado\.vs\build\map-server\win32\debug\pet.obj
c:\users\valde\desktop\livedbr - re\compilado\.vs\build\map-server\win32\debug\pc_groups.obj
c:\users\valde\desktop\livedbr - re\compilado\.vs\build\map-server\win32\debug\pc.obj
c:\users\valde\desktop\livedbr - re\compilado\.vs\build\map-server\win32\debug\path.obj
c:\users\valde\desktop\livedbr - re\compilado\.vs\build\map-server\win32\debug\party.obj
c:\users\valde\desktop\livedbr - re\compilado\.vs\build\map-server\win32\debug\npc_chat.obj
c:\users\valde\desktop\livedbr - re\compilado\.vs\build\map-server\win32\debug\npc.obj
c:\users\valde\desktop\livedbr - re\compilado\.vs\build\map-server\win32\debug\mob.obj
c:\users\valde\desktop\livedbr - re\compilado\.vs\build\map-server\win32\debug\mercenary.obj
c:\users\valde\desktop\livedbr - re\compilado\.vs\build\map-server\win32\debug\mapreg.obj
c:\users\valde\desktop\livedbr - re\compilado\.vs\build\map-server\win32\debug\map.obj
c:\users\valde\desktop\livedbr - re\compilado\.vs\build\map-server\win32\debug\mail.obj
c:\users\valde\desktop\livedbr - re\compilado\.vs\build\map-server\win32\debug\vending.obj
c:\users\valde\desktop\livedbr - re\compilado\map-server.ilk
c:\users\valde\desktop\livedbr - re\compilado\map-server.exe
c:\users\valde\desktop\livedbr - re\compilado\map-server.pdb
c:\users\valde\desktop\livedbr - re\compilado\.vs\build\map-server\win32\debug\map-server.tlog\cl.command.1.tlog
c:\users\valde\desktop\livedbr - re\compilado\.vs\build\map-server\win32\debug\map-server.tlog\cl.read.1.tlog
c:\users\valde\desktop\livedbr - re\compilado\.vs\build\map-server\win32\debug\map-server.tlog\cl.write.1.tlog
c:\users\valde\desktop\livedbr - re\compilado\.vs\build\map-server\win32\debug\map-server.tlog\link.command.1.tlog
c:\users\valde\desktop\livedbr - re\compilado\.vs\build\map-server\win32\debug\map-server.tlog\link.read.1.tlog
c:\users\valde\desktop\livedbr - re\compilado\.vs\build\map-server\win32\debug\map-server.tlog\link.write.1.tlog
